<?xml version="1.0" encoding="UTF-8"?>
<!-- Generated by org.testng.reporters.JUnitReportReporter -->
<testsuite hostname="DESKTOP-4SO3O1P" failures="0" tests="1" name="com.Rmgyantra.scripts.AddSingleProjectWithCreated" time="0.216" errors="0" timestamp="02 Feb 2021 09:20:25 GMT" skipped="0">
  <testcase classname="com.Rmgyantra.scripts.AddSingleProjectWithCreated" name="addprojects_using_JsonObject" time="0.216"/>
</testsuite> <!-- com.Rmgyantra.scripts.AddSingleProjectWithCreated -->
