<?xml version="1.0" encoding="UTF-8"?>
<!-- Generated by org.testng.reporters.JUnitReportReporter -->
<testsuite hostname="DESKTOP-4SO3O1P" failures="0" tests="4" name="com.Rmgyantra.scripts.CreateMultipleProjects" time="5.461" errors="0" timestamp="02 Feb 2021 09:20:25 GMT" skipped="0">
  <testcase classname="com.Rmgyantra.scripts.CreateMultipleProjects" name="createmultiple" time="4.442"/>
  <testcase classname="com.Rmgyantra.scripts.CreateMultipleProjects" name="createmultiple" time="0.550"/>
  <testcase classname="com.Rmgyantra.scripts.CreateMultipleProjects" name="createmultiple" time="0.300"/>
  <testcase classname="com.Rmgyantra.scripts.CreateMultipleProjects" name="createmultiple" time="0.169"/>
</testsuite> <!-- com.Rmgyantra.scripts.CreateMultipleProjects -->
