<?xml version="1.0" encoding="UTF-8"?>
<!-- Generated by org.testng.reporters.JUnitReportReporter -->
<testsuite hostname="DESKTOP-4SO3O1P" failures="0" tests="1" name="com.Rmgyantra.scripts.AddProjectWitONGoingStatus" time="2.331" errors="0" timestamp="02 Feb 2021 14:23:36 GMT" skipped="0">
  <testcase classname="com.Rmgyantra.scripts.AddProjectWitONGoingStatus" name="addproject_OngoingStatus" time="2.331"/>
</testsuite> <!-- com.Rmgyantra.scripts.AddProjectWitONGoingStatus -->
