<?xml version="1.0" encoding="UTF-8"?>
<!-- Generated by org.testng.reporters.JUnitReportReporter -->
<testsuite hostname="DESKTOP-4SO3O1P" failures="0" tests="4" name="com.Rmgyantra.scripts.CreateMultipleProjects" time="18.585" errors="0" timestamp="02 Feb 2021 14:23:36 GMT" skipped="0">
  <testcase classname="com.Rmgyantra.scripts.CreateMultipleProjects" name="createmultiple" time="0.301"/>
  <testcase classname="com.Rmgyantra.scripts.CreateMultipleProjects" name="createmultiple" time="0.295"/>
  <testcase classname="com.Rmgyantra.scripts.CreateMultipleProjects" name="createmultiple" time="17.668"/>
  <testcase classname="com.Rmgyantra.scripts.CreateMultipleProjects" name="createmultiple" time="0.321"/>
</testsuite> <!-- com.Rmgyantra.scripts.CreateMultipleProjects -->
